<?xml version="1.0" encoding="UTF-8"?>
<!-- Generated by org.testng.reporters.JUnitXMLReporter -->
<testsuite hostname="VSCLPTEST10" ignored="0" name="Default test" tests="3" failures="0" timestamp="21 Nov 2018 10:41:11 GMT" time="44.523" errors="0">
  <testcase name="login" time="14.713" classname="com.wd.tng.LssLoginTest"/>
  <testcase name="login" time="13.067" classname="com.wd.tng.LssLoginTest"/>
  <testcase name="login" time="16.7" classname="com.wd.tng.LssLoginTest"/>
</testsuite> <!-- Default test -->
