<?xml version="1.0" encoding="UTF-8"?>
<testng-results skipped="0" failed="0" ignored="0" total="1" passed="1">
  <reporter-output>
  </reporter-output>
  <suite name="Default suite" duration-ms="11083" started-at="2018-11-22T11:22:20Z" finished-at="2018-11-22T11:22:31Z">
    <groups>
    </groups>
    <test name="Default test" duration-ms="11083" started-at="2018-11-22T11:22:20Z" finished-at="2018-11-22T11:22:31Z">
      <class name="com.tng.ohrm.WorkingWithCalculator">
        <test-method status="PASS" signature="openApplication()[pri:0, instance:com.tng.ohrm.WorkingWithCalculator@146ba0ac]" name="openApplication" is-config="true" duration-ms="8805" started-at="2018-11-22T11:22:20Z" finished-at="2018-11-22T11:22:29Z">
          <reporter-output>
          </reporter-output>
        </test-method> <!-- openApplication -->
        <test-method status="PASS" signature="add()[pri:0, instance:com.tng.ohrm.WorkingWithCalculator@146ba0ac]" name="add" duration-ms="2246" started-at="2018-11-22T11:22:29Z" finished-at="2018-11-22T11:22:31Z">
          <reporter-output>
          </reporter-output>
        </test-method> <!-- add -->
        <test-method status="PASS" signature="closeApplication()[pri:0, instance:com.tng.ohrm.WorkingWithCalculator@146ba0ac]" name="closeApplication" is-config="true" duration-ms="0" started-at="2018-11-22T11:22:31Z" finished-at="2018-11-22T11:22:31Z">
          <reporter-output>
          </reporter-output>
        </test-method> <!-- closeApplication -->
      </class> <!-- com.tng.ohrm.WorkingWithCalculator -->
    </test> <!-- Default test -->
  </suite> <!-- Default suite -->
</testng-results>
