<?xml version="1.0" encoding="UTF-8"?>
<!-- Generated by org.testng.reporters.JUnitXMLReporter -->
<testsuite hostname="VSCLPTEST10" ignored="0" name="c1" tests="1" failures="1" timestamp="20 Nov 2018 10:42:13 GMT" time="14.787" errors="0">
  <testcase name="login" time="0.598" classname="com.wd.tng.LssLoginParameters">
    <failure type="java.lang.ClassCastException" message="com.wd.pom.BasePage$1 cannot be cast to org.openqa.selenium.JavascriptExecutor">
      <![CDATA[java.lang.ClassCastException: com.wd.pom.BasePage$1 cannot be cast to org.openqa.selenium.JavascriptExecutor
at com.wd.pom.LoginPageNew.clickOnLogin(LoginPageNew.java:44)
at com.wd.tng.LssLoginParameters.login(LssLoginParameters.java:21)
at java.util.concurrent.FutureTask.run(Unknown Source)
at java.util.concurrent.ThreadPoolExecutor.runWorker(Unknown Source)
at java.util.concurrent.ThreadPoolExecutor$Worker.run(Unknown Source)
at java.lang.Thread.run(Unknown Source)
... Removed 16 stack frames]]>
    </failure>
  </testcase> <!-- login -->
</testsuite> <!-- c1 -->
